# project  configured on Tue May 16 15:23:02 2023 by
# waf 2.0.9 (abi 20, python 3070cf0 on cygwin)
# using /cygdrive/c/Users/maste/OneDrive/Documentos/ardupilot_gndcontrol/modules/waf/waf-light configure --board sitl
#
----------------------------------------
Setting top to
/cygdrive/c/Users/maste/OneDrive/Documentos/ardupilot_gndcontrol
----------------------------------------
Setting out to
/cygdrive/c/Users/maste/OneDrive/Documentos/ardupilot_gndcontrol/build
----------------------------------------
Autoconfiguration
enabled
----------------------------------------
Setting board to
sitl
----------------------------------------
Using toolchain
native
----------------------------------------
Checking for 'g++' (C++ compiler)
find program=['g++', 'c++'] paths=['/usr/local/bin', '/usr/bin', '/cygdrive/c/Program Files (x86)/Common Files/Oracle/Java/javapath', '/cygdrive/c/WINDOWS/system32', '/cygdrive/c/WINDOWS', '/cygdrive/c/WINDOWS/System32/Wbem', '/cygdrive/c/WINDOWS/System32/WindowsPowerShell/v1.0', '/cygdrive/c/WINDOWS/System32/OpenSSH', '/cygdrive/c/Program Files/Git/cmd', '/cygdrive/c/Users/maste/AppData/Local/Programs/Python/Python311/Scripts', '/cygdrive/c/Program Files (x86)/MAVProxy', '/cygdrive/c/Program Files (x86)/MAVProxy', '/cygdrive/c/Program Files/GitHub CLI', '/cygdrive/c/Program Files (x86)/GNU Arm Embedded Toolchain/10 2020-q4-major/bin', '/cygdrive/c/Users/maste/AppData/Local/Programs/Python/Python311/Scripts', '/cygdrive/c/Users/maste/AppData/Local/Programs/Python/Python311', '/cygdrive/c/Users/maste/AppData/Local/Microsoft/WindowsApps', '/cygdrive/c/Users/maste/AppData/Local/Programs/Microsoft VS Code/bin'] var='CXX' -> ['/usr/bin/g++']
['/usr/bin/g++', '-dM', '-E', '-']
out: #define __DBL_MIN_EXP__ (-1021)
#define __UINT_LEAST16_MAX__ 0xffff
#define __ATOMIC_ACQUIRE 2
#define __FLT128_MAX_10_EXP__ 4932
#define __FLT_MIN__ 1.17549435082228750796873653722224568e-38F
#define __GCC_IEC_559_COMPLEX 2
#define __UINT_LEAST8_TYPE__ unsigned char
#define __SIZEOF_FLOAT80__ 16
#define __INTMAX_C(c) c ## L
#define __CHAR_BIT__ 8
#define __UINT8_MAX__ 0xff
#define __SCHAR_WIDTH__ 8
#define __WINT_MAX__ 0xffffffffU
#define __FLT32_MIN_EXP__ (-125)
#define __ORDER_LITTLE_ENDIAN__ 1234
#define __SIZE_MAX__ 0xffffffffffffffffUL
#define __WCHAR_MAX__ 0xffff
#define __GCC_HAVE_SYNC_COMPARE_AND_SWAP_1 1
#define __GCC_HAVE_SYNC_COMPARE_AND_SWAP_2 1
#define __GCC_HAVE_SYNC_COMPARE_AND_SWAP_4 1
#define __DBL_DENORM_MIN__ ((double)4.94065645841246544176568792868221372e-324L)
#define __GCC_HAVE_SYNC_COMPARE_AND_SWAP_8 1
#define __GCC_ATOMIC_CHAR_LOCK_FREE 2
#define __GCC_IEC_559 2
#define __FLT32X_DECIMAL_DIG__ 17
#define __FLT_EVAL_METHOD__ 0
#define __FLT64_DECIMAL_DIG__ 17
#define __GCC_ATOMIC_CHAR32_T_LOCK_FREE 2
#define __UINT_FAST64_MAX__ 0xffffffffffffffffUL
#define __SIG_ATOMIC_TYPE__ int
#define __DBL_MIN_10_EXP__ (-307)
#define __FINITE_MATH_ONLY__ 0
#define __FLT32X_MAX_EXP__ 1024
#define __FLT32_HAS_DENORM__ 1
#define __UINT_FAST8_MAX__ 0xff
#define __FLT32_MAX_10_EXP__ 38
#define _stdcall __attribute__((__stdcall__))
#define __DEC64_MAX_EXP__ 385
#define __INT8_C(c) c
#define __INT_LEAST8_WIDTH__ 8
#define __UINT_LEAST64_MAX__ 0xffffffffffffffffUL
#define __SHRT_MAX__ 0x7fff
#define __LDBL_MAX__ 1.18973149535723176502126385303097021e+4932L
#define __FLT64X_MAX_10_EXP__ 4932
#define __LDBL_IS_IEC_60559__ 2
#define __FLT64X_HAS_QUIET_NAN__ 1
#define __UINT_LEAST8_MAX__ 0xff
#define __GCC_ATOMIC_BOOL_LOCK_FREE 2
#define __FLT128_DENORM_MIN__ 6.47517511943802511092443895822764655e-4966F128
#define __UINTMAX_TYPE__ long unsigned int
#define __DEC32_EPSILON__ 1E-6DF
#define __FLT_EVAL_METHOD_TS_18661_3__ 0
#define __unix 1
#define __UINT32_MAX__ 0xffffffffU
#define __FLT128_MIN_EXP__ (-16381)
#define __WINT_MIN__ 0U
#define __FLT128_MIN_10_EXP__ (-4931)
#define __FLT32X_IS_IEC_60559__ 2
#define __INT_LEAST16_WIDTH__ 16
#define __SCHAR_MAX__ 0x7f
#define __FLT128_MANT_DIG__ 113
#define __WCHAR_MIN__ 0
#define __INT64_C(c) c ## L
#define __GCC_ATOMIC_POINTER_LOCK_FREE 2
#define __FLT32X_MANT_DIG__ 53
#define __USER_LABEL_PREFIX__ 
#define __FLT64X_EPSILON__ 1.08420217248550443400745280086994171e-19F64x
#define __STDC_HOSTED__ 1
#define __DEC64_MIN_EXP__ (-382)
#define __DBL_DIG__ 15
#define __FLT32_DIG__ 6
#define __FLT_EPSILON__ 1.19209289550781250000000000000000000e-7F
#define __SHRT_WIDTH__ 16
#define __FLT32_IS_IEC_60559__ 2
#define __LDBL_MIN__ 3.36210314311209350626267781732175260e-4932L
#define __STDC_UTF_16__ 1
#define __DBL_IS_IEC_60559__ 2
#define __DEC32_MAX__ 9.999999E96DF
#define __FLT64X_DENORM_MIN__ 3.64519953188247460252840593361941982e-4951F64x
#define __FLT32X_HAS_INFINITY__ 1
#define __INT32_MAX__ 0x7fffffff
#define __unix__ 1
#define __INT_WIDTH__ 32
#define __SIZEOF_LONG__ 8
#define __UINT16_C(c) c
#define __DECIMAL_DIG__ 21
#define __FLT64_EPSILON__ 2.22044604925031308084726333618164062e-16F64
#define __FLT128_IS_IEC_60559__ 2
#define __FLT64X_MIN_10_EXP__ (-4931)
#define __LDBL_HAS_QUIET_NAN__ 1
#define __FLT64_MANT_DIG__ 53
#define __FLT64X_MANT_DIG__ 64
#define __GNUC__ 11
#define _cdecl __attribute__((__cdecl__))
#define __MMX__ 1
#define __FLT_HAS_DENORM__ 1
#define __SIZEOF_LONG_DOUBLE__ 16
#define __BIGGEST_ALIGNMENT__ 16
#define __FLT64_MAX_10_EXP__ 308
#define __DBL_MAX__ ((double)1.79769313486231570814527423731704357e+308L)
#define _thiscall __attribute__((__thiscall__))
#define __INT_FAST32_MAX__ 0x7fffffffffffffffL
#define __DBL_HAS_INFINITY__ 1
#define __SIZEOF_FLOAT__ 4
#define __HAVE_SPECULATION_SAFE_VALUE 1
#define __DEC32_MIN_EXP__ (-94)
#define __INTPTR_WIDTH__ 64
#define __FLT64X_HAS_INFINITY__ 1
#define __UINT_LEAST32_MAX__ 0xffffffffU
#define __FLT32X_HAS_DENORM__ 1
#define __INT_FAST16_TYPE__ long int
#define __MMX_WITH_SSE__ 1
#define _fastcall __attribute__((__fastcall__))
#define __LDBL_HAS_DENORM__ 1
#define __FLT128_HAS_INFINITY__ 1
#define __DEC32_MIN__ 1E-95DF
#define __DBL_MAX_EXP__ 1024
#define __WCHAR_WIDTH__ 16
#define __FLT32_MAX__ 3.40282346638528859811704183484516925e+38F32
#define __DEC128_EPSILON__ 1E-33DL
#define __SSE2_MATH__ 1
#define __ATOMIC_HLE_RELEASE 131072
#define __PTRDIFF_MAX__ 0x7fffffffffffffffL
#define __amd64 1
#define __ATOMIC_HLE_ACQUIRE 65536
#define __LONG_LONG_MAX__ 0x7fffffffffffffffLL
#define __SIZEOF_SIZE_T__ 8
#define __FLT64X_MIN_EXP__ (-16381)
#define __SIZEOF_WINT_T__ 4
#define __LONG_LONG_WIDTH__ 64
#define __FLT32_MAX_EXP__ 128
#define __GXX_ABI_VERSION 1016
#define __FLT_MIN_EXP__ (-125)
#define __INT16_MAX__ 0x7fff
#define __x86_64 1
#define __INT_FAST64_TYPE__ long int
#define __FLT64_DENORM_MIN__ 4.94065645841246544176568792868221372e-324F64
#define __DBL_MIN__ ((double)2.22507385850720138309023271733240406e-308L)
#define __FLT128_EPSILON__ 1.92592994438723585305597794258492732e-34F128
#define __FLT64X_NORM_MAX__ 1.18973149535723176502126385303097021e+4932F64x
#define __SIZEOF_POINTER__ 8
#define __SIZE_TYPE__ long unsigned int
#define __LP64__ 1
#define __DBL_HAS_QUIET_NAN__ 1
#define __FLT32X_EPSILON__ 2.22044604925031308084726333618164062e-16F32x
#define __DECIMAL_BID_FORMAT__ 1
#define __FLT64_MIN_EXP__ (-1021)
#define __GXX_TYPEINFO_EQUALITY_INLINE 0
#define __FLT64_MIN_10_EXP__ (-307)
#define __FLT64X_DECIMAL_DIG__ 21
#define __DEC128_MIN__ 1E-6143DL
#define __REGISTER_PREFIX__ 
#define __UINT16_MAX__ 0xffff
#define __DBL_HAS_DENORM__ 1
#define __cdecl __attribute__((__cdecl__))
#define __LDBL_HAS_INFINITY__ 1
#define __FLT32_MIN__ 1.17549435082228750796873653722224568e-38F32
#define __UINT8_TYPE__ unsigned char
#define __FLT_DIG__ 6
#define __NO_INLINE__ 1
#define __DEC_EVAL_METHOD__ 2
#define __DEC128_MAX__ 9.999999999999999999999999999999999E6144DL
#define __FLT_MANT_DIG__ 24
#define __LDBL_DECIMAL_DIG__ 21
#define __VERSION__ "11.3.0"
#define __UINT64_C(c) c ## UL
#define __SEH__ 1
#define __INT_LEAST32_MAX__ 0x7fffffff
#define __GCC_ATOMIC_INT_LOCK_FREE 2
#define __FLT128_MAX_EXP__ 16384
#define __FLT32_MANT_DIG__ 24
#define __FLOAT_WORD_ORDER__ __ORDER_LITTLE_ENDIAN__
#define __FLT128_HAS_DENORM__ 1
#define __FLT32_DECIMAL_DIG__ 9
#define __FLT128_DIG__ 33
#define __INT32_C(c) c
#define __DEC64_EPSILON__ 1E-15DD
#define __ORDER_PDP_ENDIAN__ 3412
#define __DEC128_MIN_EXP__ (-6142)
#define __INT_FAST32_TYPE__ long int
#define __UINT_LEAST16_TYPE__ short unsigned int
#define unix 1
#define __UINT64_MAX__ 0xffffffffffffffffUL
#define __FLT_IS_IEC_60559__ 2
#define __GNUC_WIDE_EXECUTION_CHARSET_NAME "UTF-16LE"
#define __FLT64X_DIG__ 18
#define __INT8_TYPE__ signed char
#define __GCC_ASM_FLAG_OUTPUTS__ 1
#define __UINT32_TYPE__ unsigned int
#define __FLT_RADIX__ 2
#define __INT_LEAST16_TYPE__ short int
#define __LDBL_EPSILON__ 1.08420217248550443400745280086994171e-19L
#define __UINTMAX_C(c) c ## UL
#define __SSE_MATH__ 1
#define __k8 1
#define __FLT32X_MIN__ 2.22507385850720138309023271733240406e-308F32x
#define __SIG_ATOMIC_MAX__ 0x7fffffff
#define __GCC_ATOMIC_WCHAR_T_LOCK_FREE 2
#define __SIZEOF_PTRDIFF_T__ 8
#define __LDBL_DIG__ 18
#define __CYGWIN__ 1
#define __FLT64_IS_IEC_60559__ 2
#define __x86_64__ 1
#define __FLT32X_MIN_EXP__ (-1021)
#define __DEC32_SUBNORMAL_MIN__ 0.000001E-95DF
#define __INT_FAST16_MAX__ 0x7fffffffffffffffL
#define __FLT64_DIG__ 15
#define __UINT_FAST32_MAX__ 0xffffffffffffffffUL
#define __UINT_LEAST64_TYPE__ long unsigned int
#define __FLT_HAS_QUIET_NAN__ 1
#define __FLT_MAX_10_EXP__ 38
#define __LONG_MAX__ 0x7fffffffffffffffL
#define __FLT64X_HAS_DENORM__ 1
#define __DEC128_SUBNORMAL_MIN__ 0.000000000000000000000000000000001E-6143DL
#define __FLT_HAS_INFINITY__ 1
#define __GNUC_EXECUTION_CHARSET_NAME "UTF-8"
#define __UINT_FAST16_TYPE__ long unsigned int
#define __DEC64_MAX__ 9.999999999999999E384DD
#define __INT_FAST32_WIDTH__ 64
#define __CHAR16_TYPE__ short unsigned int
#define __PRAGMA_REDEFINE_EXTNAME 1
#define __SIZE_WIDTH__ 64
#define __SEG_FS 1
#define __INT_LEAST16_MAX__ 0x7fff
#define __DEC64_MANT_DIG__ 16
#define __INT64_MAX__ 0x7fffffffffffffffL
#define __SEG_GS 1
#define __FLT32_DENORM_MIN__ 1.40129846432481707092372958328991613e-45F32
#define __SIG_ATOMIC_WIDTH__ 32
#define __INT_LEAST64_TYPE__ long int
#define __INT16_TYPE__ short int
#define __INT_LEAST8_TYPE__ signed char
#define __STDC_VERSION__ 201710L
#define __SIZEOF_INT__ 4
#define __DEC32_MAX_EXP__ 97
#define __INT_FAST8_MAX__ 0x7f
#define __FLT128_MAX__ 1.18973149535723176508575932662800702e+4932F128
#define __INTPTR_MAX__ 0x7fffffffffffffffL
#define __FLT64_HAS_QUIET_NAN__ 1
#define __stdcall __attribute__((__stdcall__))
#define __FLT32_MIN_10_EXP__ (-37)
#define __FLT32X_DIG__ 15
#define __GXX_MERGED_TYPEINFO_NAMES 0
#define __PTRDIFF_WIDTH__ 64
#define __LDBL_MANT_DIG__ 64
#define __FLT64_HAS_INFINITY__ 1
#define __FLT64X_MAX__ 1.18973149535723176502126385303097021e+4932F64x
#define __SIG_ATOMIC_MIN__ (-__SIG_ATOMIC_MAX__ - 1)
#define __GCC_ATOMIC_LONG_LOCK_FREE 2
#define __DEC32_MANT_DIG__ 7
#define __k8__ 1
#define __INTPTR_TYPE__ long int
#define __UINT16_TYPE__ short unsigned int
#define __WCHAR_TYPE__ short unsigned int
#define __pic__ 1
#define __UINTPTR_MAX__ 0xffffffffffffffffUL
#define __INT_FAST64_WIDTH__ 64
#define __INT_FAST64_MAX__ 0x7fffffffffffffffL
#define __GCC_ATOMIC_TEST_AND_SET_TRUEVAL 1
#define __FLT_NORM_MAX__ 3.40282346638528859811704183484516925e+38F
#define __FLT32_HAS_INFINITY__ 1
#define __FLT64X_MAX_EXP__ 16384
#define __UINT_FAST64_TYPE__ long unsigned int
#define __INT_MAX__ 0x7fffffff
#define __code_model_medium__ 1
#define __INT64_TYPE__ long int
#define __FLT_MAX_EXP__ 128
#define __ORDER_BIG_ENDIAN__ 4321
#define __DBL_MANT_DIG__ 53
#define __SIZEOF_FLOAT128__ 16
#define __INT_LEAST64_MAX__ 0x7fffffffffffffffL
#define __GCC_ATOMIC_CHAR16_T_LOCK_FREE 2
#define __DEC64_MIN__ 1E-383DD
#define __WINT_TYPE__ unsigned int
#define __UINT_LEAST32_TYPE__ unsigned int
#define __SIZEOF_SHORT__ 2
#define __FLT32_NORM_MAX__ 3.40282346638528859811704183484516925e+38F32
#define __SSE__ 1
#define __LDBL_MIN_EXP__ (-16381)
#define __FLT64_MAX__ 1.79769313486231570814527423731704357e+308F64
#define __amd64__ 1
#define __WINT_WIDTH__ 32
#define __INT_LEAST8_MAX__ 0x7f
#define __INT_LEAST64_WIDTH__ 64
#define __LDBL_MAX_EXP__ 16384
#define __FLT32X_MAX_10_EXP__ 308
#define __SIZEOF_INT128__ 16
#define __FLT64X_IS_IEC_60559__ 2
#define __LDBL_MAX_10_EXP__ 4932
#define __ATOMIC_RELAXED 0
#define __DBL_EPSILON__ ((double)2.22044604925031308084726333618164062e-16L)
#define __thiscall __attribute__((__thiscall__))
#define __FLT128_MIN__ 3.36210314311209350626267781732175260e-4932F128
#define _LP64 1
#define __UINT8_C(c) c
#define __FLT64_MAX_EXP__ 1024
#define __INT_LEAST32_TYPE__ int
#define __SIZEOF_WCHAR_T__ 2
#define __UINT64_TYPE__ long unsigned int
#define __GNUC_PATCHLEVEL__ 0
#define __FLT128_NORM_MAX__ 1.18973149535723176508575932662800702e+4932F128
#define __FLT64_NORM_MAX__ 1.79769313486231570814527423731704357e+308F64
#define __FLT128_HAS_QUIET_NAN__ 1
#define __INTMAX_MAX__ 0x7fffffffffffffffL
#define __INT_FAST8_TYPE__ signed char
#define __fastcall __attribute__((__fastcall__))
#define __FLT64X_MIN__ 3.36210314311209350626267781732175260e-4932F64x
#define __GNUC_STDC_INLINE__ 1
#define __FLT64_HAS_DENORM__ 1
#define __FLT32_EPSILON__ 1.19209289550781250000000000000000000e-7F32
#define __DBL_DECIMAL_DIG__ 17
#define __STDC_UTF_32__ 1
#define __INT_FAST8_WIDTH__ 8
#define __FXSR__ 1
#define __FLT32X_MAX__ 1.79769313486231570814527423731704357e+308F32x
#define __DBL_NORM_MAX__ ((double)1.79769313486231570814527423731704357e+308L)
#define __BYTE_ORDER__ __ORDER_LITTLE_ENDIAN__
#define __INTMAX_WIDTH__ 64
#define __UINT32_C(c) c ## U
#define __FLT_DENORM_MIN__ 1.40129846432481707092372958328991613e-45F
#define __INT8_MAX__ 0x7f
#define __LONG_WIDTH__ 64
#define __PIC__ 1
#define __UINT_FAST32_TYPE__ long unsigned int
#define __FLT32X_NORM_MAX__ 1.79769313486231570814527423731704357e+308F32x
#define __CHAR32_TYPE__ unsigned int
#define __FLT_MAX__ 3.40282346638528859811704183484516925e+38F
#define __SSE2__ 1
#define __INT32_TYPE__ int
#define __SIZEOF_DOUBLE__ 8
#define __FLT_MIN_10_EXP__ (-37)
#define __FLT64_MIN__ 2.22507385850720138309023271733240406e-308F64
#define __INT_LEAST32_WIDTH__ 32
#define __INTMAX_TYPE__ long int
#define __DEC128_MAX_EXP__ 6145
#define __FLT32X_HAS_QUIET_NAN__ 1
#define __ATOMIC_CONSUME 1
#define __GNUC_MINOR__ 3
#define __INT_FAST16_WIDTH__ 64
#define __UINTMAX_MAX__ 0xffffffffffffffffUL
#define __FLT32X_DENORM_MIN__ 4.94065645841246544176568792868221372e-324F32x
#define __DBL_MAX_10_EXP__ 308
#define __LDBL_DENORM_MIN__ 3.64519953188247460252840593361941982e-4951L
#define __INT16_C(c) c
#define __STDC__ 1
#define __PTRDIFF_TYPE__ long int
#define __ATOMIC_SEQ_CST 5
#define __FLT32X_MIN_10_EXP__ (-307)
#define __UINTPTR_TYPE__ long unsigned int
#define __DEC64_SUBNORMAL_MIN__ 0.000000000000001E-383DD
#define __DEC128_MANT_DIG__ 34
#define __LDBL_MIN_10_EXP__ (-4931)
#define __SIZEOF_LONG_LONG__ 8
#define __FLT128_DECIMAL_DIG__ 36
#define __GCC_ATOMIC_LLONG_LOCK_FREE 2
#define __FLT32_HAS_QUIET_NAN__ 1
#define __FLT_DECIMAL_DIG__ 9
#define __UINT_FAST16_MAX__ 0xffffffffffffffffUL
#define __LDBL_NORM_MAX__ 1.18973149535723176502126385303097021e+4932L
#define __GCC_ATOMIC_SHORT_LOCK_FREE 2
#define __UINT_FAST8_TYPE__ unsigned char
#define __ATOMIC_ACQ_REL 4
#define __ATOMIC_RELEASE 3
#define __declspec(x) __attribute__((x))

find program=['ar'] paths=['/usr/local/bin', '/usr/bin', '/cygdrive/c/Program Files (x86)/Common Files/Oracle/Java/javapath', '/cygdrive/c/WINDOWS/system32', '/cygdrive/c/WINDOWS', '/cygdrive/c/WINDOWS/System32/Wbem', '/cygdrive/c/WINDOWS/System32/WindowsPowerShell/v1.0', '/cygdrive/c/WINDOWS/System32/OpenSSH', '/cygdrive/c/Program Files/Git/cmd', '/cygdrive/c/Users/maste/AppData/Local/Programs/Python/Python311/Scripts', '/cygdrive/c/Program Files (x86)/MAVProxy', '/cygdrive/c/Program Files (x86)/MAVProxy', '/cygdrive/c/Program Files/GitHub CLI', '/cygdrive/c/Program Files (x86)/GNU Arm Embedded Toolchain/10 2020-q4-major/bin', '/cygdrive/c/Users/maste/AppData/Local/Programs/Python/Python311/Scripts', '/cygdrive/c/Users/maste/AppData/Local/Programs/Python/Python311', '/cygdrive/c/Users/maste/AppData/Local/Microsoft/WindowsApps', '/cygdrive/c/Users/maste/AppData/Local/Programs/Microsoft VS Code/bin'] var='AR' -> ['/usr/bin/ar']
/usr/bin/g++
----------------------------------------
Checking for 'gcc' (C compiler)
find program=['gcc', 'cc'] paths=['/usr/local/bin', '/usr/bin', '/cygdrive/c/Program Files (x86)/Common Files/Oracle/Java/javapath', '/cygdrive/c/WINDOWS/system32', '/cygdrive/c/WINDOWS', '/cygdrive/c/WINDOWS/System32/Wbem', '/cygdrive/c/WINDOWS/System32/WindowsPowerShell/v1.0', '/cygdrive/c/WINDOWS/System32/OpenSSH', '/cygdrive/c/Program Files/Git/cmd', '/cygdrive/c/Users/maste/AppData/Local/Programs/Python/Python311/Scripts', '/cygdrive/c/Program Files (x86)/MAVProxy', '/cygdrive/c/Program Files (x86)/MAVProxy', '/cygdrive/c/Program Files/GitHub CLI', '/cygdrive/c/Program Files (x86)/GNU Arm Embedded Toolchain/10 2020-q4-major/bin', '/cygdrive/c/Users/maste/AppData/Local/Programs/Python/Python311/Scripts', '/cygdrive/c/Users/maste/AppData/Local/Programs/Python/Python311', '/cygdrive/c/Users/maste/AppData/Local/Microsoft/WindowsApps', '/cygdrive/c/Users/maste/AppData/Local/Programs/Microsoft VS Code/bin'] var='CC' -> ['/usr/bin/gcc']
['/usr/bin/gcc', '-dM', '-E', '-']
out: #define __DBL_MIN_EXP__ (-1021)
#define __UINT_LEAST16_MAX__ 0xffff
#define __ATOMIC_ACQUIRE 2
#define __FLT128_MAX_10_EXP__ 4932
#define __FLT_MIN__ 1.17549435082228750796873653722224568e-38F
#define __GCC_IEC_559_COMPLEX 2
#define __UINT_LEAST8_TYPE__ unsigned char
#define __SIZEOF_FLOAT80__ 16
#define __INTMAX_C(c) c ## L
#define __CHAR_BIT__ 8
#define __UINT8_MAX__ 0xff
#define __SCHAR_WIDTH__ 8
#define __WINT_MAX__ 0xffffffffU
#define __FLT32_MIN_EXP__ (-125)
#define __ORDER_LITTLE_ENDIAN__ 1234
#define __SIZE_MAX__ 0xffffffffffffffffUL
#define __WCHAR_MAX__ 0xffff
#define __GCC_HAVE_SYNC_COMPARE_AND_SWAP_1 1
#define __GCC_HAVE_SYNC_COMPARE_AND_SWAP_2 1
#define __GCC_HAVE_SYNC_COMPARE_AND_SWAP_4 1
#define __DBL_DENORM_MIN__ ((double)4.94065645841246544176568792868221372e-324L)
#define __GCC_HAVE_SYNC_COMPARE_AND_SWAP_8 1
#define __GCC_ATOMIC_CHAR_LOCK_FREE 2
#define __GCC_IEC_559 2
#define __FLT32X_DECIMAL_DIG__ 17
#define __FLT_EVAL_METHOD__ 0
#define __FLT64_DECIMAL_DIG__ 17
#define __GCC_ATOMIC_CHAR32_T_LOCK_FREE 2
#define __UINT_FAST64_MAX__ 0xffffffffffffffffUL
#define __SIG_ATOMIC_TYPE__ int
#define __DBL_MIN_10_EXP__ (-307)
#define __FINITE_MATH_ONLY__ 0
#define __FLT32X_MAX_EXP__ 1024
#define __FLT32_HAS_DENORM__ 1
#define __UINT_FAST8_MAX__ 0xff
#define __FLT32_MAX_10_EXP__ 38
#define _stdcall __attribute__((__stdcall__))
#define __DEC64_MAX_EXP__ 385
#define __INT8_C(c) c
#define __INT_LEAST8_WIDTH__ 8
#define __UINT_LEAST64_MAX__ 0xffffffffffffffffUL
#define __SHRT_MAX__ 0x7fff
#define __LDBL_MAX__ 1.18973149535723176502126385303097021e+4932L
#define __FLT64X_MAX_10_EXP__ 4932
#define __LDBL_IS_IEC_60559__ 2
#define __FLT64X_HAS_QUIET_NAN__ 1
#define __UINT_LEAST8_MAX__ 0xff
#define __GCC_ATOMIC_BOOL_LOCK_FREE 2
#define __FLT128_DENORM_MIN__ 6.47517511943802511092443895822764655e-4966F128
#define __UINTMAX_TYPE__ long unsigned int
#define __DEC32_EPSILON__ 1E-6DF
#define __FLT_EVAL_METHOD_TS_18661_3__ 0
#define __unix 1
#define __UINT32_MAX__ 0xffffffffU
#define __FLT128_MIN_EXP__ (-16381)
#define __WINT_MIN__ 0U
#define __FLT128_MIN_10_EXP__ (-4931)
#define __FLT32X_IS_IEC_60559__ 2
#define __INT_LEAST16_WIDTH__ 16
#define __SCHAR_MAX__ 0x7f
#define __FLT128_MANT_DIG__ 113
#define __WCHAR_MIN__ 0
#define __INT64_C(c) c ## L
#define __GCC_ATOMIC_POINTER_LOCK_FREE 2
#define __FLT32X_MANT_DIG__ 53
#define __USER_LABEL_PREFIX__ 
#define __FLT64X_EPSILON__ 1.08420217248550443400745280086994171e-19F64x
#define __STDC_HOSTED__ 1
#define __DEC64_MIN_EXP__ (-382)
#define __DBL_DIG__ 15
#define __FLT32_DIG__ 6
#define __FLT_EPSILON__ 1.19209289550781250000000000000000000e-7F
#define __SHRT_WIDTH__ 16
#define __FLT32_IS_IEC_60559__ 2
#define __LDBL_MIN__ 3.36210314311209350626267781732175260e-4932L
#define __STDC_UTF_16__ 1
#define __DBL_IS_IEC_60559__ 2
#define __DEC32_MAX__ 9.999999E96DF
#define __FLT64X_DENORM_MIN__ 3.64519953188247460252840593361941982e-4951F64x
#define __FLT32X_HAS_INFINITY__ 1
#define __INT32_MAX__ 0x7fffffff
#define __unix__ 1
#define __INT_WIDTH__ 32
#define __SIZEOF_LONG__ 8
#define __UINT16_C(c) c
#define __DECIMAL_DIG__ 21
#define __FLT64_EPSILON__ 2.22044604925031308084726333618164062e-16F64
#define __FLT128_IS_IEC_60559__ 2
#define __FLT64X_MIN_10_EXP__ (-4931)
#define __LDBL_HAS_QUIET_NAN__ 1
#define __FLT64_MANT_DIG__ 53
#define __FLT64X_MANT_DIG__ 64
#define __GNUC__ 11
#define _cdecl __attribute__((__cdecl__))
#define __MMX__ 1
#define __FLT_HAS_DENORM__ 1
#define __SIZEOF_LONG_DOUBLE__ 16
#define __BIGGEST_ALIGNMENT__ 16
#define __FLT64_MAX_10_EXP__ 308
#define __DBL_MAX__ ((double)1.79769313486231570814527423731704357e+308L)
#define _thiscall __attribute__((__thiscall__))
#define __INT_FAST32_MAX__ 0x7fffffffffffffffL
#define __DBL_HAS_INFINITY__ 1
#define __SIZEOF_FLOAT__ 4
#define __HAVE_SPECULATION_SAFE_VALUE 1
#define __DEC32_MIN_EXP__ (-94)
#define __INTPTR_WIDTH__ 64
#define __FLT64X_HAS_INFINITY__ 1
#define __UINT_LEAST32_MAX__ 0xffffffffU
#define __FLT32X_HAS_DENORM__ 1
#define __INT_FAST16_TYPE__ long int
#define __MMX_WITH_SSE__ 1
#define _fastcall __attribute__((__fastcall__))
#define __LDBL_HAS_DENORM__ 1
#define __FLT128_HAS_INFINITY__ 1
#define __DEC32_MIN__ 1E-95DF
#define __DBL_MAX_EXP__ 1024
#define __WCHAR_WIDTH__ 16
#define __FLT32_MAX__ 3.40282346638528859811704183484516925e+38F32
#define __DEC128_EPSILON__ 1E-33DL
#define __SSE2_MATH__ 1
#define __ATOMIC_HLE_RELEASE 131072
#define __PTRDIFF_MAX__ 0x7fffffffffffffffL
#define __amd64 1
#define __ATOMIC_HLE_ACQUIRE 65536
#define __LONG_LONG_MAX__ 0x7fffffffffffffffLL
#define __SIZEOF_SIZE_T__ 8
#define __FLT64X_MIN_EXP__ (-16381)
#define __SIZEOF_WINT_T__ 4
#define __LONG_LONG_WIDTH__ 64
#define __FLT32_MAX_EXP__ 128
#define __GXX_ABI_VERSION 1016
#define __FLT_MIN_EXP__ (-125)
#define __INT16_MAX__ 0x7fff
#define __x86_64 1
#define __INT_FAST64_TYPE__ long int
#define __FLT64_DENORM_MIN__ 4.94065645841246544176568792868221372e-324F64
#define __DBL_MIN__ ((double)2.22507385850720138309023271733240406e-308L)
#define __FLT128_EPSILON__ 1.92592994438723585305597794258492732e-34F128
#define __FLT64X_NORM_MAX__ 1.18973149535723176502126385303097021e+4932F64x
#define __SIZEOF_POINTER__ 8
#define __SIZE_TYPE__ long unsigned int
#define __LP64__ 1
#define __DBL_HAS_QUIET_NAN__ 1
#define __FLT32X_EPSILON__ 2.22044604925031308084726333618164062e-16F32x
#define __DECIMAL_BID_FORMAT__ 1
#define __FLT64_MIN_EXP__ (-1021)
#define __GXX_TYPEINFO_EQUALITY_INLINE 0
#define __FLT64_MIN_10_EXP__ (-307)
#define __FLT64X_DECIMAL_DIG__ 21
#define __DEC128_MIN__ 1E-6143DL
#define __REGISTER_PREFIX__ 
#define __UINT16_MAX__ 0xffff
#define __DBL_HAS_DENORM__ 1
#define __cdecl __attribute__((__cdecl__))
#define __LDBL_HAS_INFINITY__ 1
#define __FLT32_MIN__ 1.17549435082228750796873653722224568e-38F32
#define __UINT8_TYPE__ unsigned char
#define __FLT_DIG__ 6
#define __NO_INLINE__ 1
#define __DEC_EVAL_METHOD__ 2
#define __DEC128_MAX__ 9.999999999999999999999999999999999E6144DL
#define __FLT_MANT_DIG__ 24
#define __LDBL_DECIMAL_DIG__ 21
#define __VERSION__ "11.3.0"
#define __UINT64_C(c) c ## UL
#define __SEH__ 1
#define __INT_LEAST32_MAX__ 0x7fffffff
#define __GCC_ATOMIC_INT_LOCK_FREE 2
#define __FLT128_MAX_EXP__ 16384
#define __FLT32_MANT_DIG__ 24
#define __FLOAT_WORD_ORDER__ __ORDER_LITTLE_ENDIAN__
#define __FLT128_HAS_DENORM__ 1
#define __FLT32_DECIMAL_DIG__ 9
#define __FLT128_DIG__ 33
#define __INT32_C(c) c
#define __DEC64_EPSILON__ 1E-15DD
#define __ORDER_PDP_ENDIAN__ 3412
#define __DEC128_MIN_EXP__ (-6142)
#define __INT_FAST32_TYPE__ long int
#define __UINT_LEAST16_TYPE__ short unsigned int
#define unix 1
#define __UINT64_MAX__ 0xffffffffffffffffUL
#define __FLT_IS_IEC_60559__ 2
#define __GNUC_WIDE_EXECUTION_CHARSET_NAME "UTF-16LE"
#define __FLT64X_DIG__ 18
#define __INT8_TYPE__ signed char
#define __GCC_ASM_FLAG_OUTPUTS__ 1
#define __UINT32_TYPE__ unsigned int
#define __FLT_RADIX__ 2
#define __INT_LEAST16_TYPE__ short int
#define __LDBL_EPSILON__ 1.08420217248550443400745280086994171e-19L
#define __UINTMAX_C(c) c ## UL
#define __SSE_MATH__ 1
#define __k8 1
#define __FLT32X_MIN__ 2.22507385850720138309023271733240406e-308F32x
#define __SIG_ATOMIC_MAX__ 0x7fffffff
#define __GCC_ATOMIC_WCHAR_T_LOCK_FREE 2
#define __SIZEOF_PTRDIFF_T__ 8
#define __LDBL_DIG__ 18
#define __CYGWIN__ 1
#define __FLT64_IS_IEC_60559__ 2
#define __x86_64__ 1
#define __FLT32X_MIN_EXP__ (-1021)
#define __DEC32_SUBNORMAL_MIN__ 0.000001E-95DF
#define __INT_FAST16_MAX__ 0x7fffffffffffffffL
#define __FLT64_DIG__ 15
#define __UINT_FAST32_MAX__ 0xffffffffffffffffUL
#define __UINT_LEAST64_TYPE__ long unsigned int
#define __FLT_HAS_QUIET_NAN__ 1
#define __FLT_MAX_10_EXP__ 38
#define __LONG_MAX__ 0x7fffffffffffffffL
#define __FLT64X_HAS_DENORM__ 1
#define __DEC128_SUBNORMAL_MIN__ 0.000000000000000000000000000000001E-6143DL
#define __FLT_HAS_INFINITY__ 1
#define __GNUC_EXECUTION_CHARSET_NAME "UTF-8"
#define __UINT_FAST16_TYPE__ long unsigned int
#define __DEC64_MAX__ 9.999999999999999E384DD
#define __INT_FAST32_WIDTH__ 64
#define __CHAR16_TYPE__ short unsigned int
#define __PRAGMA_REDEFINE_EXTNAME 1
#define __SIZE_WIDTH__ 64
#define __SEG_FS 1
#define __INT_LEAST16_MAX__ 0x7fff
#define __DEC64_MANT_DIG__ 16
#define __INT64_MAX__ 0x7fffffffffffffffL
#define __SEG_GS 1
#define __FLT32_DENORM_MIN__ 1.40129846432481707092372958328991613e-45F32
#define __SIG_ATOMIC_WIDTH__ 32
#define __INT_LEAST64_TYPE__ long int
#define __INT16_TYPE__ short int
#define __INT_LEAST8_TYPE__ signed char
#define __STDC_VERSION__ 201710L
#define __SIZEOF_INT__ 4
#define __DEC32_MAX_EXP__ 97
#define __INT_FAST8_MAX__ 0x7f
#define __FLT128_MAX__ 1.18973149535723176508575932662800702e+4932F128
#define __INTPTR_MAX__ 0x7fffffffffffffffL
#define __FLT64_HAS_QUIET_NAN__ 1
#define __stdcall __attribute__((__stdcall__))
#define __FLT32_MIN_10_EXP__ (-37)
#define __FLT32X_DIG__ 15
#define __GXX_MERGED_TYPEINFO_NAMES 0
#define __PTRDIFF_WIDTH__ 64
#define __LDBL_MANT_DIG__ 64
#define __FLT64_HAS_INFINITY__ 1
#define __FLT64X_MAX__ 1.18973149535723176502126385303097021e+4932F64x
#define __SIG_ATOMIC_MIN__ (-__SIG_ATOMIC_MAX__ - 1)
#define __GCC_ATOMIC_LONG_LOCK_FREE 2
#define __DEC32_MANT_DIG__ 7
#define __k8__ 1
#define __INTPTR_TYPE__ long int
#define __UINT16_TYPE__ short unsigned int
#define __WCHAR_TYPE__ short unsigned int
#define __pic__ 1
#define __UINTPTR_MAX__ 0xffffffffffffffffUL
#define __INT_FAST64_WIDTH__ 64
#define __INT_FAST64_MAX__ 0x7fffffffffffffffL
#define __GCC_ATOMIC_TEST_AND_SET_TRUEVAL 1
#define __FLT_NORM_MAX__ 3.40282346638528859811704183484516925e+38F
#define __FLT32_HAS_INFINITY__ 1
#define __FLT64X_MAX_EXP__ 16384
#define __UINT_FAST64_TYPE__ long unsigned int
#define __INT_MAX__ 0x7fffffff
#define __code_model_medium__ 1
#define __INT64_TYPE__ long int
#define __FLT_MAX_EXP__ 128
#define __ORDER_BIG_ENDIAN__ 4321
#define __DBL_MANT_DIG__ 53
#define __SIZEOF_FLOAT128__ 16
#define __INT_LEAST64_MAX__ 0x7fffffffffffffffL
#define __GCC_ATOMIC_CHAR16_T_LOCK_FREE 2
#define __DEC64_MIN__ 1E-383DD
#define __WINT_TYPE__ unsigned int
#define __UINT_LEAST32_TYPE__ unsigned int
#define __SIZEOF_SHORT__ 2
#define __FLT32_NORM_MAX__ 3.40282346638528859811704183484516925e+38F32
#define __SSE__ 1
#define __LDBL_MIN_EXP__ (-16381)
#define __FLT64_MAX__ 1.79769313486231570814527423731704357e+308F64
#define __amd64__ 1
#define __WINT_WIDTH__ 32
#define __INT_LEAST8_MAX__ 0x7f
#define __INT_LEAST64_WIDTH__ 64
#define __LDBL_MAX_EXP__ 16384
#define __FLT32X_MAX_10_EXP__ 308
#define __SIZEOF_INT128__ 16
#define __FLT64X_IS_IEC_60559__ 2
#define __LDBL_MAX_10_EXP__ 4932
#define __ATOMIC_RELAXED 0
#define __DBL_EPSILON__ ((double)2.22044604925031308084726333618164062e-16L)
#define __thiscall __attribute__((__thiscall__))
#define __FLT128_MIN__ 3.36210314311209350626267781732175260e-4932F128
#define _LP64 1
#define __UINT8_C(c) c
#define __FLT64_MAX_EXP__ 1024
#define __INT_LEAST32_TYPE__ int
#define __SIZEOF_WCHAR_T__ 2
#define __UINT64_TYPE__ long unsigned int
#define __GNUC_PATCHLEVEL__ 0
#define __FLT128_NORM_MAX__ 1.18973149535723176508575932662800702e+4932F128
#define __FLT64_NORM_MAX__ 1.79769313486231570814527423731704357e+308F64
#define __FLT128_HAS_QUIET_NAN__ 1
#define __INTMAX_MAX__ 0x7fffffffffffffffL
#define __INT_FAST8_TYPE__ signed char
#define __fastcall __attribute__((__fastcall__))
#define __FLT64X_MIN__ 3.36210314311209350626267781732175260e-4932F64x
#define __GNUC_STDC_INLINE__ 1
#define __FLT64_HAS_DENORM__ 1
#define __FLT32_EPSILON__ 1.19209289550781250000000000000000000e-7F32
#define __DBL_DECIMAL_DIG__ 17
#define __STDC_UTF_32__ 1
#define __INT_FAST8_WIDTH__ 8
#define __FXSR__ 1
#define __FLT32X_MAX__ 1.79769313486231570814527423731704357e+308F32x
#define __DBL_NORM_MAX__ ((double)1.79769313486231570814527423731704357e+308L)
#define __BYTE_ORDER__ __ORDER_LITTLE_ENDIAN__
#define __INTMAX_WIDTH__ 64
#define __UINT32_C(c) c ## U
#define __FLT_DENORM_MIN__ 1.40129846432481707092372958328991613e-45F
#define __INT8_MAX__ 0x7f
#define __LONG_WIDTH__ 64
#define __PIC__ 1
#define __UINT_FAST32_TYPE__ long unsigned int
#define __FLT32X_NORM_MAX__ 1.79769313486231570814527423731704357e+308F32x
#define __CHAR32_TYPE__ unsigned int
#define __FLT_MAX__ 3.40282346638528859811704183484516925e+38F
#define __SSE2__ 1
#define __INT32_TYPE__ int
#define __SIZEOF_DOUBLE__ 8
#define __FLT_MIN_10_EXP__ (-37)
#define __FLT64_MIN__ 2.22507385850720138309023271733240406e-308F64
#define __INT_LEAST32_WIDTH__ 32
#define __INTMAX_TYPE__ long int
#define __DEC128_MAX_EXP__ 6145
#define __FLT32X_HAS_QUIET_NAN__ 1
#define __ATOMIC_CONSUME 1
#define __GNUC_MINOR__ 3
#define __INT_FAST16_WIDTH__ 64
#define __UINTMAX_MAX__ 0xffffffffffffffffUL
#define __FLT32X_DENORM_MIN__ 4.94065645841246544176568792868221372e-324F32x
#define __DBL_MAX_10_EXP__ 308
#define __LDBL_DENORM_MIN__ 3.64519953188247460252840593361941982e-4951L
#define __INT16_C(c) c
#define __STDC__ 1
#define __PTRDIFF_TYPE__ long int
#define __ATOMIC_SEQ_CST 5
#define __FLT32X_MIN_10_EXP__ (-307)
#define __UINTPTR_TYPE__ long unsigned int
#define __DEC64_SUBNORMAL_MIN__ 0.000000000000001E-383DD
#define __DEC128_MANT_DIG__ 34
#define __LDBL_MIN_10_EXP__ (-4931)
#define __SIZEOF_LONG_LONG__ 8
#define __FLT128_DECIMAL_DIG__ 36
#define __GCC_ATOMIC_LLONG_LOCK_FREE 2
#define __FLT32_HAS_QUIET_NAN__ 1
#define __FLT_DECIMAL_DIG__ 9
#define __UINT_FAST16_MAX__ 0xffffffffffffffffUL
#define __LDBL_NORM_MAX__ 1.18973149535723176502126385303097021e+4932L
#define __GCC_ATOMIC_SHORT_LOCK_FREE 2
#define __UINT_FAST8_TYPE__ unsigned char
#define __ATOMIC_ACQ_REL 4
#define __ATOMIC_RELEASE 3
#define __declspec(x) __attribute__((x))

find program=['ar'] paths=['/usr/local/bin', '/usr/bin', '/cygdrive/c/Program Files (x86)/Common Files/Oracle/Java/javapath', '/cygdrive/c/WINDOWS/system32', '/cygdrive/c/WINDOWS', '/cygdrive/c/WINDOWS/System32/Wbem', '/cygdrive/c/WINDOWS/System32/WindowsPowerShell/v1.0', '/cygdrive/c/WINDOWS/System32/OpenSSH', '/cygdrive/c/Program Files/Git/cmd', '/cygdrive/c/Users/maste/AppData/Local/Programs/Python/Python311/Scripts', '/cygdrive/c/Program Files (x86)/MAVProxy', '/cygdrive/c/Program Files (x86)/MAVProxy', '/cygdrive/c/Program Files/GitHub CLI', '/cygdrive/c/Program Files (x86)/GNU Arm Embedded Toolchain/10 2020-q4-major/bin', '/cygdrive/c/Users/maste/AppData/Local/Programs/Python/Python311/Scripts', '/cygdrive/c/Users/maste/AppData/Local/Programs/Python/Python311', '/cygdrive/c/Users/maste/AppData/Local/Microsoft/WindowsApps', '/cygdrive/c/Users/maste/AppData/Local/Programs/Microsoft VS Code/bin'] var='AR' -> ['/usr/bin/ar']
/usr/bin/gcc
----------------------------------------
Checking for c flags '-MMD'
==>
int main() { return 0; }
<==
[1/1] Compiling [32mbuild/.conf_check_2147af98fb7f4d5771f7aab3c5dc9db7/test.c[0m

['/usr/bin/gcc', '-MMD', '-DWAF_BUILD=1', '../../test.c', '-c', '-otest.c.1.o']
yes
----------------------------------------
Checking for cxx flags '-MMD'
==>
int main() { return 0; }
<==
[1/1] Compiling [32mbuild/.conf_check_9dd289f6747c6040458c5790682936a8/test.cpp[0m

['/usr/bin/g++', '-MMD', '-DWAF_BUILD=1', '../../test.cpp', '-c', '-otest.cpp.1.o']
yes
----------------------------------------
CXX Compiler
g++ 11.3.0
----------------------------------------
Checking for need to link with librt
==>

        #include <time.h>

        int main() {
            clock_gettime(CLOCK_REALTIME, NULL);
        }
<==
[1/2] Compiling [32mbuild/.conf_check_b3b49ebd1b5b25c4086258186a603931/test.cpp[0m

['/usr/bin/g++', '-MMD', '-DWAF_BUILD=1', '-D__STDC_FORMAT_MACROS=1', '-DAP_SIM_ENABLED=1', '-DHAL_WITH_SPI=1', '-DHAL_WITH_RAMTRON=1', '-DAP_GENERATOR_RICHENPOWER_ENABLED=1', '-DAP_OPENDRONEID_ENABLED=1', '-DAP_SIGNED_FIRMWARE=0', '../../test.cpp', '-c', '-otest.cpp.1.o']
[2/2] Linking [33mbuild/.conf_check_b3b49ebd1b5b25c4086258186a603931/testbuild/sitl/testprog.exe[0m

['/usr/bin/g++', 'test.cpp.1.o', '-otestprog.exe', '-Wl,-Bstatic', '-Wl,-Bdynamic']
not necessary
----------------------------------------
Checking for feenableexcept
==>

        #include <fenv.h>

        int main() {
            return feenableexcept(FE_OVERFLOW | FE_DIVBYZERO);
        }
<==
[1/2] Compiling [32mbuild/.conf_check_61d7364b597b7ba70b06a53728c64d5b/test.cpp[0m

['/usr/bin/g++', '-MMD', '-DWAF_BUILD=1', '-D__STDC_FORMAT_MACROS=1', '-DAP_SIM_ENABLED=1', '-DHAL_WITH_SPI=1', '-DHAL_WITH_RAMTRON=1', '-DAP_GENERATOR_RICHENPOWER_ENABLED=1', '-DAP_OPENDRONEID_ENABLED=1', '-DAP_SIGNED_FIRMWARE=0', '../../test.cpp', '-c', '-otest.cpp.1.o']
err: ../../test.cpp: In function â€˜int main()â€™:
../../test.cpp:5:20: error: â€˜feenableexceptâ€™ was not declared in this scope; did you mean â€˜feraiseexceptâ€™?
    5 |             return feenableexcept(FE_OVERFLOW | FE_DIVBYZERO);
      |                    ^~~~~~~~~~~~~~
      |                    feraiseexcept

from /cygdrive/c/Users/maste/OneDrive/Documentos/ardupilot_gndcontrol: Test does not build: Traceback (most recent call last):
  File "/cygdrive/c/Users/maste/OneDrive/Documentos/ardupilot_gndcontrol/modules/waf/waflib/Configure.py", line 584, in run_build
    bld.compile()
  File "/cygdrive/c/Users/maste/OneDrive/Documentos/ardupilot_gndcontrol/modules/waf/waflib/Build.py", line 355, in compile
    raise Errors.BuildError(self.producer.error)
waflib.Errors.BuildError: Build failed
 -> task in 'testprog' failed (exit status 1): 
	{task 123145294427344: cxx test.cpp -> test.cpp.1.o}
 (run with -v to display more information)

no
from /cygdrive/c/Users/maste/OneDrive/Documentos/ardupilot_gndcontrol: The configuration failed
----------------------------------------
Enabled OpenDroneID
no
----------------------------------------
Enabled firmware ID checking
no
----------------------------------------
GPS Debug Logging
no
----------------------------------------
Enabled custom controller
yes
----------------------------------------
Checking for HAVE_CMATH_ISFINITE
==>

        #include <cmath>

        int main() {
          return std::isfinite(1.0f);
        }
<==
[1/2] Compiling [32mbuild/.conf_check_877eda6d52ab0e9f5b6585c518136fa4/test.cpp[0m

['/usr/bin/g++', '-Werror=implicit-fallthrough', '-fcheck-new', '-std=gnu++11', '-fdata-sections', '-ffunction-sections', '-fno-exceptions', '-fsigned-char', '-Wall', '-Wextra', '-Wpointer-arith', '-Wno-unused-parameter', '-Wno-missing-field-initializers', '-Wno-reorder', '-Wno-redundant-decls', '-Wno-unknown-pragmas', '-Wno-expansion-to-defined', '-Werror=cast-align', '-Werror=attributes', '-Werror=format-security', '-Werror=format-extra-args', '-Werror=enum-compare', '-Werror=format', '-Werror=array-bounds', '-Werror=uninitialized', '-Werror=init-self', '-Werror=narrowing', '-Werror=return-type', '-Werror=switch', '-Werror=sign-compare', '-Werror=type-limits', '-Werror=undef', '-Werror=unused-result', '-Werror=shadow', '-Werror=unused-value', '-Werror=unused-variable', '-Werror=delete-non-virtual-dtor', '-Wfatal-errors', '-Wno-trigraphs', '-Werror=parentheses', '-DARDUPILOT_BUILD', '-Wuninitialized', '-Warray-bounds', '-Wno-format-contains-nul', '-Werror=unused-but-set-variable', '-Werror=suggest-override', '-Werror=implicit-fallthrough', '-Werror=maybe-uninitialized', '-Werror=duplicated-cond', '-Werror=sizeof-pointer-div', '-D__AP_LINE__=__LINE__', '-Werror=float-equal', '-O3', '-DHAL_HAVE_AP_ROMFS_EMBEDDED_H', '-DCYGWIN_BUILD', '-MMD', '-DAP_CUSTOMCONTROL_ENABLED=1', '-DAP_DDS_ENABLED=0', '-DAP_SCRIPTING_CHECKS=1', '-DAP_SCRIPTING_ENABLED=1', '-DCONFIG_HAL_BOARD=HAL_BOARD_SITL', '-DCONFIG_HAL_BOARD_SUBTYPE=HAL_BOARD_SUBTYPE_NONE', '-DENABLE_HEAP=1', '-DENABLE_ONVIF=0', '-DHAL_PROBE_EXTERNAL_I2C_BAROS=1', '-DLUA_32BITS=1', '-DWAF_BUILD=1', '-D__STDC_FORMAT_MACROS=1', '-DAP_SIM_ENABLED=1', '-DHAL_WITH_SPI=1', '-DHAL_WITH_RAMTRON=1', '-DAP_GENERATOR_RICHENPOWER_ENABLED=1', '-DAP_OPENDRONEID_ENABLED=1', '-DAP_SIGNED_FIRMWARE=0', '../../test.cpp', '-c', '-otest.cpp.1.o']
[2/2] Linking [33mbuild/.conf_check_877eda6d52ab0e9f5b6585c518136fa4/testbuild/sitl/testprog.exe[0m

['/usr/bin/g++', '-fno-exceptions', '-Wl,--gc-sections', '-pthread', 'test.cpp.1.o', '-otestprog.exe', '-Wl,-Bstatic', '-Wl,-Bdynamic', '-lm', '-lwinmm']
yes
----------------------------------------
Checking for HAVE_CMATH_ISINF
==>

        #include <cmath>

        int main() {
          return std::isinf(1.0f);
        }
<==
[1/2] Compiling [32mbuild/.conf_check_0966987ccfb98ec19b4c52685ff07114/test.cpp[0m

['/usr/bin/g++', '-Werror=implicit-fallthrough', '-fcheck-new', '-std=gnu++11', '-fdata-sections', '-ffunction-sections', '-fno-exceptions', '-fsigned-char', '-Wall', '-Wextra', '-Wpointer-arith', '-Wno-unused-parameter', '-Wno-missing-field-initializers', '-Wno-reorder', '-Wno-redundant-decls', '-Wno-unknown-pragmas', '-Wno-expansion-to-defined', '-Werror=cast-align', '-Werror=attributes', '-Werror=format-security', '-Werror=format-extra-args', '-Werror=enum-compare', '-Werror=format', '-Werror=array-bounds', '-Werror=uninitialized', '-Werror=init-self', '-Werror=narrowing', '-Werror=return-type', '-Werror=switch', '-Werror=sign-compare', '-Werror=type-limits', '-Werror=undef', '-Werror=unused-result', '-Werror=shadow', '-Werror=unused-value', '-Werror=unused-variable', '-Werror=delete-non-virtual-dtor', '-Wfatal-errors', '-Wno-trigraphs', '-Werror=parentheses', '-DARDUPILOT_BUILD', '-Wuninitialized', '-Warray-bounds', '-Wno-format-contains-nul', '-Werror=unused-but-set-variable', '-Werror=suggest-override', '-Werror=implicit-fallthrough', '-Werror=maybe-uninitialized', '-Werror=duplicated-cond', '-Werror=sizeof-pointer-div', '-D__AP_LINE__=__LINE__', '-Werror=float-equal', '-O3', '-DHAL_HAVE_AP_ROMFS_EMBEDDED_H', '-DCYGWIN_BUILD', '-MMD', '-DAP_CUSTOMCONTROL_ENABLED=1', '-DAP_DDS_ENABLED=0', '-DAP_SCRIPTING_CHECKS=1', '-DAP_SCRIPTING_ENABLED=1', '-DCONFIG_HAL_BOARD=HAL_BOARD_SITL', '-DCONFIG_HAL_BOARD_SUBTYPE=HAL_BOARD_SUBTYPE_NONE', '-DENABLE_HEAP=1', '-DENABLE_ONVIF=0', '-DHAL_PROBE_EXTERNAL_I2C_BAROS=1', '-DLUA_32BITS=1', '-DWAF_BUILD=1', '-D__STDC_FORMAT_MACROS=1', '-DAP_SIM_ENABLED=1', '-DHAL_WITH_SPI=1', '-DHAL_WITH_RAMTRON=1', '-DAP_GENERATOR_RICHENPOWER_ENABLED=1', '-DAP_OPENDRONEID_ENABLED=1', '-DAP_SIGNED_FIRMWARE=0', '-DHAVE_CMATH_ISFINITE=1', '../../test.cpp', '-c', '-otest.cpp.1.o']
[2/2] Linking [33mbuild/.conf_check_0966987ccfb98ec19b4c52685ff07114/testbuild/sitl/testprog.exe[0m

['/usr/bin/g++', '-fno-exceptions', '-Wl,--gc-sections', '-pthread', 'test.cpp.1.o', '-otestprog.exe', '-Wl,-Bstatic', '-Wl,-Bdynamic', '-lm', '-lwinmm']
yes
----------------------------------------
Checking for HAVE_CMATH_ISNAN
==>

        #include <cmath>

        int main() {
          return std::isnan(1.0f);
        }
<==
[1/2] Compiling [32mbuild/.conf_check_11efb6b5f4b37049f5249cddb17961c5/test.cpp[0m

['/usr/bin/g++', '-Werror=implicit-fallthrough', '-fcheck-new', '-std=gnu++11', '-fdata-sections', '-ffunction-sections', '-fno-exceptions', '-fsigned-char', '-Wall', '-Wextra', '-Wpointer-arith', '-Wno-unused-parameter', '-Wno-missing-field-initializers', '-Wno-reorder', '-Wno-redundant-decls', '-Wno-unknown-pragmas', '-Wno-expansion-to-defined', '-Werror=cast-align', '-Werror=attributes', '-Werror=format-security', '-Werror=format-extra-args', '-Werror=enum-compare', '-Werror=format', '-Werror=array-bounds', '-Werror=uninitialized', '-Werror=init-self', '-Werror=narrowing', '-Werror=return-type', '-Werror=switch', '-Werror=sign-compare', '-Werror=type-limits', '-Werror=undef', '-Werror=unused-result', '-Werror=shadow', '-Werror=unused-value', '-Werror=unused-variable', '-Werror=delete-non-virtual-dtor', '-Wfatal-errors', '-Wno-trigraphs', '-Werror=parentheses', '-DARDUPILOT_BUILD', '-Wuninitialized', '-Warray-bounds', '-Wno-format-contains-nul', '-Werror=unused-but-set-variable', '-Werror=suggest-override', '-Werror=implicit-fallthrough', '-Werror=maybe-uninitialized', '-Werror=duplicated-cond', '-Werror=sizeof-pointer-div', '-D__AP_LINE__=__LINE__', '-Werror=float-equal', '-O3', '-DHAL_HAVE_AP_ROMFS_EMBEDDED_H', '-DCYGWIN_BUILD', '-MMD', '-DAP_CUSTOMCONTROL_ENABLED=1', '-DAP_DDS_ENABLED=0', '-DAP_SCRIPTING_CHECKS=1', '-DAP_SCRIPTING_ENABLED=1', '-DCONFIG_HAL_BOARD=HAL_BOARD_SITL', '-DCONFIG_HAL_BOARD_SUBTYPE=HAL_BOARD_SUBTYPE_NONE', '-DENABLE_HEAP=1', '-DENABLE_ONVIF=0', '-DHAL_PROBE_EXTERNAL_I2C_BAROS=1', '-DLUA_32BITS=1', '-DWAF_BUILD=1', '-D__STDC_FORMAT_MACROS=1', '-DAP_SIM_ENABLED=1', '-DHAL_WITH_SPI=1', '-DHAL_WITH_RAMTRON=1', '-DAP_GENERATOR_RICHENPOWER_ENABLED=1', '-DAP_OPENDRONEID_ENABLED=1', '-DAP_SIGNED_FIRMWARE=0', '-DHAVE_CMATH_ISFINITE=1', '-DHAVE_CMATH_ISINF=1', '../../test.cpp', '-c', '-otest.cpp.1.o']
[2/2] Linking [33mbuild/.conf_check_11efb6b5f4b37049f5249cddb17961c5/testbuild/sitl/testprog.exe[0m

['/usr/bin/g++', '-fno-exceptions', '-Wl,--gc-sections', '-pthread', 'test.cpp.1.o', '-otestprog.exe', '-Wl,-Bstatic', '-Wl,-Bdynamic', '-lm', '-lwinmm']
yes
----------------------------------------------
Checking for NEED_CMATH_ISFINITE_STD_NAMESPACE
==>

        #include <math.h>
        #include <cmath>

        using std::isfinite;

        int main() {
          return isfinite((double)1);
        }
<==
[1/2] Compiling [32mbuild/.conf_check_baaa3888afbed035298fe549d621846b/test.cpp[0m

['/usr/bin/g++', '-Werror=implicit-fallthrough', '-fcheck-new', '-std=gnu++11', '-fdata-sections', '-ffunction-sections', '-fno-exceptions', '-fsigned-char', '-Wall', '-Wextra', '-Wpointer-arith', '-Wno-unused-parameter', '-Wno-missing-field-initializers', '-Wno-reorder', '-Wno-redundant-decls', '-Wno-unknown-pragmas', '-Wno-expansion-to-defined', '-Werror=cast-align', '-Werror=attributes', '-Werror=format-security', '-Werror=format-extra-args', '-Werror=enum-compare', '-Werror=format', '-Werror=array-bounds', '-Werror=uninitialized', '-Werror=init-self', '-Werror=narrowing', '-Werror=return-type', '-Werror=switch', '-Werror=sign-compare', '-Werror=type-limits', '-Werror=undef', '-Werror=unused-result', '-Werror=shadow', '-Werror=unused-value', '-Werror=unused-variable', '-Werror=delete-non-virtual-dtor', '-Wfatal-errors', '-Wno-trigraphs', '-Werror=parentheses', '-DARDUPILOT_BUILD', '-Wuninitialized', '-Warray-bounds', '-Wno-format-contains-nul', '-Werror=unused-but-set-variable', '-Werror=suggest-override', '-Werror=implicit-fallthrough', '-Werror=maybe-uninitialized', '-Werror=duplicated-cond', '-Werror=sizeof-pointer-div', '-D__AP_LINE__=__LINE__', '-Werror=float-equal', '-O3', '-DHAL_HAVE_AP_ROMFS_EMBEDDED_H', '-DCYGWIN_BUILD', '-MMD', '-DAP_CUSTOMCONTROL_ENABLED=1', '-DAP_DDS_ENABLED=0', '-DAP_SCRIPTING_CHECKS=1', '-DAP_SCRIPTING_ENABLED=1', '-DCONFIG_HAL_BOARD=HAL_BOARD_SITL', '-DCONFIG_HAL_BOARD_SUBTYPE=HAL_BOARD_SUBTYPE_NONE', '-DENABLE_HEAP=1', '-DENABLE_ONVIF=0', '-DHAL_PROBE_EXTERNAL_I2C_BAROS=1', '-DLUA_32BITS=1', '-DWAF_BUILD=1', '-D__STDC_FORMAT_MACROS=1', '-DAP_SIM_ENABLED=1', '-DHAL_WITH_SPI=1', '-DHAL_WITH_RAMTRON=1', '-DAP_GENERATOR_RICHENPOWER_ENABLED=1', '-DAP_OPENDRONEID_ENABLED=1', '-DAP_SIGNED_FIRMWARE=0', '-DHAVE_CMATH_ISFINITE=1', '-DHAVE_CMATH_ISINF=1', '-DHAVE_CMATH_ISNAN=1', '../../test.cpp', '-c', '-otest.cpp.1.o']
[2/2] Linking [33mbuild/.conf_check_baaa3888afbed035298fe549d621846b/testbuild/sitl/testprog.exe[0m

['/usr/bin/g++', '-fno-exceptions', '-Wl,--gc-sections', '-pthread', 'test.cpp.1.o', '-otestprog.exe', '-Wl,-Bstatic', '-Wl,-Bdynamic', '-lm', '-lwinmm']
yes
----------------------------------------------
Checking for NEED_CMATH_ISINF_STD_NAMESPACE
==>

        #include <math.h>
        #include <cmath>

        using std::isinf;

        int main() {
          return isinf((double)1);
        }
<==
[1/2] Compiling [32mbuild/.conf_check_ad7f2da4fc7aeacf6a3afc673e5d2cb0/test.cpp[0m

['/usr/bin/g++', '-Werror=implicit-fallthrough', '-fcheck-new', '-std=gnu++11', '-fdata-sections', '-ffunction-sections', '-fno-exceptions', '-fsigned-char', '-Wall', '-Wextra', '-Wpointer-arith', '-Wno-unused-parameter', '-Wno-missing-field-initializers', '-Wno-reorder', '-Wno-redundant-decls', '-Wno-unknown-pragmas', '-Wno-expansion-to-defined', '-Werror=cast-align', '-Werror=attributes', '-Werror=format-security', '-Werror=format-extra-args', '-Werror=enum-compare', '-Werror=format', '-Werror=array-bounds', '-Werror=uninitialized', '-Werror=init-self', '-Werror=narrowing', '-Werror=return-type', '-Werror=switch', '-Werror=sign-compare', '-Werror=type-limits', '-Werror=undef', '-Werror=unused-result', '-Werror=shadow', '-Werror=unused-value', '-Werror=unused-variable', '-Werror=delete-non-virtual-dtor', '-Wfatal-errors', '-Wno-trigraphs', '-Werror=parentheses', '-DARDUPILOT_BUILD', '-Wuninitialized', '-Warray-bounds', '-Wno-format-contains-nul', '-Werror=unused-but-set-variable', '-Werror=suggest-override', '-Werror=implicit-fallthrough', '-Werror=maybe-uninitialized', '-Werror=duplicated-cond', '-Werror=sizeof-pointer-div', '-D__AP_LINE__=__LINE__', '-Werror=float-equal', '-O3', '-DHAL_HAVE_AP_ROMFS_EMBEDDED_H', '-DCYGWIN_BUILD', '-MMD', '-DAP_CUSTOMCONTROL_ENABLED=1', '-DAP_DDS_ENABLED=0', '-DAP_SCRIPTING_CHECKS=1', '-DAP_SCRIPTING_ENABLED=1', '-DCONFIG_HAL_BOARD=HAL_BOARD_SITL', '-DCONFIG_HAL_BOARD_SUBTYPE=HAL_BOARD_SUBTYPE_NONE', '-DENABLE_HEAP=1', '-DENABLE_ONVIF=0', '-DHAL_PROBE_EXTERNAL_I2C_BAROS=1', '-DLUA_32BITS=1', '-DWAF_BUILD=1', '-D__STDC_FORMAT_MACROS=1', '-DAP_SIM_ENABLED=1', '-DHAL_WITH_SPI=1', '-DHAL_WITH_RAMTRON=1', '-DAP_GENERATOR_RICHENPOWER_ENABLED=1', '-DAP_OPENDRONEID_ENABLED=1', '-DAP_SIGNED_FIRMWARE=0', '-DHAVE_CMATH_ISFINITE=1', '-DHAVE_CMATH_ISINF=1', '-DHAVE_CMATH_ISNAN=1', '-DNEED_CMATH_ISFINITE_STD_NAMESPACE=1', '../../test.cpp', '-c', '-otest.cpp.1.o']
[2/2] Linking [33mbuild/.conf_check_ad7f2da4fc7aeacf6a3afc673e5d2cb0/testbuild/sitl/testprog.exe[0m

['/usr/bin/g++', '-fno-exceptions', '-Wl,--gc-sections', '-pthread', 'test.cpp.1.o', '-otestprog.exe', '-Wl,-Bstatic', '-Wl,-Bdynamic', '-lm', '-lwinmm']
yes
----------------------------------------------
Checking for NEED_CMATH_ISNAN_STD_NAMESPACE
==>

        #include <math.h>
        #include <cmath>

        using std::isnan;

        int main() {
          return isnan((double)1);
        }
<==
[1/2] Compiling [32mbuild/.conf_check_df4b315795931b1680aa6bd2be5b1655/test.cpp[0m

['/usr/bin/g++', '-Werror=implicit-fallthrough', '-fcheck-new', '-std=gnu++11', '-fdata-sections', '-ffunction-sections', '-fno-exceptions', '-fsigned-char', '-Wall', '-Wextra', '-Wpointer-arith', '-Wno-unused-parameter', '-Wno-missing-field-initializers', '-Wno-reorder', '-Wno-redundant-decls', '-Wno-unknown-pragmas', '-Wno-expansion-to-defined', '-Werror=cast-align', '-Werror=attributes', '-Werror=format-security', '-Werror=format-extra-args', '-Werror=enum-compare', '-Werror=format', '-Werror=array-bounds', '-Werror=uninitialized', '-Werror=init-self', '-Werror=narrowing', '-Werror=return-type', '-Werror=switch', '-Werror=sign-compare', '-Werror=type-limits', '-Werror=undef', '-Werror=unused-result', '-Werror=shadow', '-Werror=unused-value', '-Werror=unused-variable', '-Werror=delete-non-virtual-dtor', '-Wfatal-errors', '-Wno-trigraphs', '-Werror=parentheses', '-DARDUPILOT_BUILD', '-Wuninitialized', '-Warray-bounds', '-Wno-format-contains-nul', '-Werror=unused-but-set-variable', '-Werror=suggest-override', '-Werror=implicit-fallthrough', '-Werror=maybe-uninitialized', '-Werror=duplicated-cond', '-Werror=sizeof-pointer-div', '-D__AP_LINE__=__LINE__', '-Werror=float-equal', '-O3', '-DHAL_HAVE_AP_ROMFS_EMBEDDED_H', '-DCYGWIN_BUILD', '-MMD', '-DAP_CUSTOMCONTROL_ENABLED=1', '-DAP_DDS_ENABLED=0', '-DAP_SCRIPTING_CHECKS=1', '-DAP_SCRIPTING_ENABLED=1', '-DCONFIG_HAL_BOARD=HAL_BOARD_SITL', '-DCONFIG_HAL_BOARD_SUBTYPE=HAL_BOARD_SUBTYPE_NONE', '-DENABLE_HEAP=1', '-DENABLE_ONVIF=0', '-DHAL_PROBE_EXTERNAL_I2C_BAROS=1', '-DLUA_32BITS=1', '-DWAF_BUILD=1', '-D__STDC_FORMAT_MACROS=1', '-DAP_SIM_ENABLED=1', '-DHAL_WITH_SPI=1', '-DHAL_WITH_RAMTRON=1', '-DAP_GENERATOR_RICHENPOWER_ENABLED=1', '-DAP_OPENDRONEID_ENABLED=1', '-DAP_SIGNED_FIRMWARE=0', '-DHAVE_CMATH_ISFINITE=1', '-DHAVE_CMATH_ISINF=1', '-DHAVE_CMATH_ISNAN=1', '-DNEED_CMATH_ISFINITE_STD_NAMESPACE=1', '-DNEED_CMATH_ISINF_STD_NAMESPACE=1', '../../test.cpp', '-c', '-otest.cpp.1.o']
[2/2] Linking [33mbuild/.conf_check_df4b315795931b1680aa6bd2be5b1655/testbuild/sitl/testprog.exe[0m

['/usr/bin/g++', '-fno-exceptions', '-Wl,--gc-sections', '-pthread', 'test.cpp.1.o', '-otestprog.exe', '-Wl,-Bstatic', '-Wl,-Bdynamic', '-lm', '-lwinmm']
yes
----------------------------------------------
Checking for header endian.h
==>
#include <endian.h>

int main(int argc, char **argv) {
	(void)argc; (void)argv;
	return 0;
}

<==
[1/2] Compiling [32mbuild/.conf_check_e4bdb971cebcfc018d63b3ebc7b71694/test.cpp[0m

['/usr/bin/g++', '-Werror=implicit-fallthrough', '-fcheck-new', '-std=gnu++11', '-fdata-sections', '-ffunction-sections', '-fno-exceptions', '-fsigned-char', '-Wall', '-Wextra', '-Wpointer-arith', '-Wno-unused-parameter', '-Wno-missing-field-initializers', '-Wno-reorder', '-Wno-redundant-decls', '-Wno-unknown-pragmas', '-Wno-expansion-to-defined', '-Werror=cast-align', '-Werror=attributes', '-Werror=format-security', '-Werror=format-extra-args', '-Werror=enum-compare', '-Werror=format', '-Werror=array-bounds', '-Werror=uninitialized', '-Werror=init-self', '-Werror=narrowing', '-Werror=return-type', '-Werror=switch', '-Werror=sign-compare', '-Werror=type-limits', '-Werror=undef', '-Werror=unused-result', '-Werror=shadow', '-Werror=unused-value', '-Werror=unused-variable', '-Werror=delete-non-virtual-dtor', '-Wfatal-errors', '-Wno-trigraphs', '-Werror=parentheses', '-DARDUPILOT_BUILD', '-Wuninitialized', '-Warray-bounds', '-Wno-format-contains-nul', '-Werror=unused-but-set-variable', '-Werror=suggest-override', '-Werror=implicit-fallthrough', '-Werror=maybe-uninitialized', '-Werror=duplicated-cond', '-Werror=sizeof-pointer-div', '-D__AP_LINE__=__LINE__', '-Werror=float-equal', '-O3', '-DHAL_HAVE_AP_ROMFS_EMBEDDED_H', '-DCYGWIN_BUILD', '-MMD', '-DAP_CUSTOMCONTROL_ENABLED=1', '-DAP_DDS_ENABLED=0', '-DAP_SCRIPTING_CHECKS=1', '-DAP_SCRIPTING_ENABLED=1', '-DCONFIG_HAL_BOARD=HAL_BOARD_SITL', '-DCONFIG_HAL_BOARD_SUBTYPE=HAL_BOARD_SUBTYPE_NONE', '-DENABLE_HEAP=1', '-DENABLE_ONVIF=0', '-DHAL_PROBE_EXTERNAL_I2C_BAROS=1', '-DLUA_32BITS=1', '-DWAF_BUILD=1', '-D__STDC_FORMAT_MACROS=1', '-DAP_SIM_ENABLED=1', '-DHAL_WITH_SPI=1', '-DHAL_WITH_RAMTRON=1', '-DAP_GENERATOR_RICHENPOWER_ENABLED=1', '-DAP_OPENDRONEID_ENABLED=1', '-DAP_SIGNED_FIRMWARE=0', '-DHAVE_CMATH_ISFINITE=1', '-DHAVE_CMATH_ISINF=1', '-DHAVE_CMATH_ISNAN=1', '-DNEED_CMATH_ISFINITE_STD_NAMESPACE=1', '-DNEED_CMATH_ISINF_STD_NAMESPACE=1', '-DNEED_CMATH_ISNAN_STD_NAMESPACE=1', '../../test.cpp', '-c', '-otest.cpp.1.o']
[2/2] Linking [33mbuild/.conf_check_e4bdb971cebcfc018d63b3ebc7b71694/testbuild/sitl/testprog.exe[0m

['/usr/bin/g++', '-fno-exceptions', '-Wl,--gc-sections', '-pthread', 'test.cpp.1.o', '-otestprog.exe', '-Wl,-Bstatic', '-Wl,-Bdynamic', '-lm', '-lwinmm']
yes
----------------------------------------------
Checking for header byteswap.h
==>
#include <byteswap.h>

int main(int argc, char **argv) {
	(void)argc; (void)argv;
	return 0;
}

<==
[1/2] Compiling [32mbuild/.conf_check_fdc156ccaa66bf1eaf7bda9372921fdc/test.cpp[0m

['/usr/bin/g++', '-Werror=implicit-fallthrough', '-fcheck-new', '-std=gnu++11', '-fdata-sections', '-ffunction-sections', '-fno-exceptions', '-fsigned-char', '-Wall', '-Wextra', '-Wpointer-arith', '-Wno-unused-parameter', '-Wno-missing-field-initializers', '-Wno-reorder', '-Wno-redundant-decls', '-Wno-unknown-pragmas', '-Wno-expansion-to-defined', '-Werror=cast-align', '-Werror=attributes', '-Werror=format-security', '-Werror=format-extra-args', '-Werror=enum-compare', '-Werror=format', '-Werror=array-bounds', '-Werror=uninitialized', '-Werror=init-self', '-Werror=narrowing', '-Werror=return-type', '-Werror=switch', '-Werror=sign-compare', '-Werror=type-limits', '-Werror=undef', '-Werror=unused-result', '-Werror=shadow', '-Werror=unused-value', '-Werror=unused-variable', '-Werror=delete-non-virtual-dtor', '-Wfatal-errors', '-Wno-trigraphs', '-Werror=parentheses', '-DARDUPILOT_BUILD', '-Wuninitialized', '-Warray-bounds', '-Wno-format-contains-nul', '-Werror=unused-but-set-variable', '-Werror=suggest-override', '-Werror=implicit-fallthrough', '-Werror=maybe-uninitialized', '-Werror=duplicated-cond', '-Werror=sizeof-pointer-div', '-D__AP_LINE__=__LINE__', '-Werror=float-equal', '-O3', '-DHAL_HAVE_AP_ROMFS_EMBEDDED_H', '-DCYGWIN_BUILD', '-MMD', '-DAP_CUSTOMCONTROL_ENABLED=1', '-DAP_DDS_ENABLED=0', '-DAP_SCRIPTING_CHECKS=1', '-DAP_SCRIPTING_ENABLED=1', '-DCONFIG_HAL_BOARD=HAL_BOARD_SITL', '-DCONFIG_HAL_BOARD_SUBTYPE=HAL_BOARD_SUBTYPE_NONE', '-DENABLE_HEAP=1', '-DENABLE_ONVIF=0', '-DHAL_PROBE_EXTERNAL_I2C_BAROS=1', '-DLUA_32BITS=1', '-DWAF_BUILD=1', '-D__STDC_FORMAT_MACROS=1', '-DAP_SIM_ENABLED=1', '-DHAL_WITH_SPI=1', '-DHAL_WITH_RAMTRON=1', '-DAP_GENERATOR_RICHENPOWER_ENABLED=1', '-DAP_OPENDRONEID_ENABLED=1', '-DAP_SIGNED_FIRMWARE=0', '-DHAVE_CMATH_ISFINITE=1', '-DHAVE_CMATH_ISINF=1', '-DHAVE_CMATH_ISNAN=1', '-DNEED_CMATH_ISFINITE_STD_NAMESPACE=1', '-DNEED_CMATH_ISINF_STD_NAMESPACE=1', '-DNEED_CMATH_ISNAN_STD_NAMESPACE=1', '-DHAVE_ENDIAN_H=1', '../../test.cpp', '-c', '-otest.cpp.1.o']
[2/2] Linking [33mbuild/.conf_check_fdc156ccaa66bf1eaf7bda9372921fdc/testbuild/sitl/testprog.exe[0m

['/usr/bin/g++', '-fno-exceptions', '-Wl,--gc-sections', '-pthread', 'test.cpp.1.o', '-otestprog.exe', '-Wl,-Bstatic', '-Wl,-Bdynamic', '-lm', '-lwinmm']
yes
----------------------------------------------
Checking for HAVE_MEMRCHR
==>

        #include <string.h>
        int main() {
        const char *s = "abc";
          return memrchr((const void *)s, 0, 3) != NULL;
        }
<==
[1/2] Compiling [32mbuild/.conf_check_b284da2adaac30f7e447a9e445fd9830/test.cpp[0m

['/usr/bin/g++', '-Werror=implicit-fallthrough', '-fcheck-new', '-std=gnu++11', '-fdata-sections', '-ffunction-sections', '-fno-exceptions', '-fsigned-char', '-Wall', '-Wextra', '-Wpointer-arith', '-Wno-unused-parameter', '-Wno-missing-field-initializers', '-Wno-reorder', '-Wno-redundant-decls', '-Wno-unknown-pragmas', '-Wno-expansion-to-defined', '-Werror=cast-align', '-Werror=attributes', '-Werror=format-security', '-Werror=format-extra-args', '-Werror=enum-compare', '-Werror=format', '-Werror=array-bounds', '-Werror=uninitialized', '-Werror=init-self', '-Werror=narrowing', '-Werror=return-type', '-Werror=switch', '-Werror=sign-compare', '-Werror=type-limits', '-Werror=undef', '-Werror=unused-result', '-Werror=shadow', '-Werror=unused-value', '-Werror=unused-variable', '-Werror=delete-non-virtual-dtor', '-Wfatal-errors', '-Wno-trigraphs', '-Werror=parentheses', '-DARDUPILOT_BUILD', '-Wuninitialized', '-Warray-bounds', '-Wno-format-contains-nul', '-Werror=unused-but-set-variable', '-Werror=suggest-override', '-Werror=implicit-fallthrough', '-Werror=maybe-uninitialized', '-Werror=duplicated-cond', '-Werror=sizeof-pointer-div', '-D__AP_LINE__=__LINE__', '-Werror=float-equal', '-O3', '-DHAL_HAVE_AP_ROMFS_EMBEDDED_H', '-DCYGWIN_BUILD', '-MMD', '-DAP_CUSTOMCONTROL_ENABLED=1', '-DAP_DDS_ENABLED=0', '-DAP_SCRIPTING_CHECKS=1', '-DAP_SCRIPTING_ENABLED=1', '-DCONFIG_HAL_BOARD=HAL_BOARD_SITL', '-DCONFIG_HAL_BOARD_SUBTYPE=HAL_BOARD_SUBTYPE_NONE', '-DENABLE_HEAP=1', '-DENABLE_ONVIF=0', '-DHAL_PROBE_EXTERNAL_I2C_BAROS=1', '-DLUA_32BITS=1', '-DWAF_BUILD=1', '-D__STDC_FORMAT_MACROS=1', '-DAP_SIM_ENABLED=1', '-DHAL_WITH_SPI=1', '-DHAL_WITH_RAMTRON=1', '-DAP_GENERATOR_RICHENPOWER_ENABLED=1', '-DAP_OPENDRONEID_ENABLED=1', '-DAP_SIGNED_FIRMWARE=0', '-DHAVE_CMATH_ISFINITE=1', '-DHAVE_CMATH_ISINF=1', '-DHAVE_CMATH_ISNAN=1', '-DNEED_CMATH_ISFINITE_STD_NAMESPACE=1', '-DNEED_CMATH_ISINF_STD_NAMESPACE=1', '-DNEED_CMATH_ISNAN_STD_NAMESPACE=1', '-DHAVE_ENDIAN_H=1', '-DHAVE_BYTESWAP_H=1', '../../test.cpp', '-c', '-otest.cpp.1.o']
err: ../../test.cpp: In function â€˜int main()â€™:
../../test.cpp:5:18: error: â€˜memrchrâ€™ was not declared in this scope; did you mean â€˜memchrâ€™?
    5 |           return memrchr((const void *)s, 0, 3) != NULL;
      |                  ^~~~~~~
      |                  memchr
compilation terminated due to -Wfatal-errors.

from /cygdrive/c/Users/maste/OneDrive/Documentos/ardupilot_gndcontrol: Test does not build: Traceback (most recent call last):
  File "/cygdrive/c/Users/maste/OneDrive/Documentos/ardupilot_gndcontrol/modules/waf/waflib/Configure.py", line 584, in run_build
    bld.compile()
  File "/cygdrive/c/Users/maste/OneDrive/Documentos/ardupilot_gndcontrol/modules/waf/waflib/Build.py", line 355, in compile
    raise Errors.BuildError(self.producer.error)
waflib.Errors.BuildError: Build failed
 -> task in 'testprog' failed (exit status 1): 
	{task 123145293827536: cxx test.cpp -> test.cpp.1.o}
 (run with -v to display more information)

no
from /cygdrive/c/Users/maste/OneDrive/Documentos/ardupilot_gndcontrol: The configuration failed
----------------------------------------------
Configured VSCode Intellisense:
no
----------------------------------------------
Checking for program 'python'
/usr/bin/python
find program=['python'] paths=['/usr/local/bin', '/usr/bin', '/cygdrive/c/Program Files (x86)/Common Files/Oracle/Java/javapath', '/cygdrive/c/WINDOWS/system32', '/cygdrive/c/WINDOWS', '/cygdrive/c/WINDOWS/System32/Wbem', '/cygdrive/c/WINDOWS/System32/WindowsPowerShell/v1.0', '/cygdrive/c/WINDOWS/System32/OpenSSH', '/cygdrive/c/Program Files/Git/cmd', '/cygdrive/c/Users/maste/AppData/Local/Programs/Python/Python311/Scripts', '/cygdrive/c/Program Files (x86)/MAVProxy', '/cygdrive/c/Program Files (x86)/MAVProxy', '/cygdrive/c/Program Files/GitHub CLI', '/cygdrive/c/Program Files (x86)/GNU Arm Embedded Toolchain/10 2020-q4-major/bin', '/cygdrive/c/Users/maste/AppData/Local/Programs/Python/Python311/Scripts', '/cygdrive/c/Users/maste/AppData/Local/Programs/Python/Python311', '/cygdrive/c/Users/maste/AppData/Local/Microsoft/WindowsApps', '/cygdrive/c/Users/maste/AppData/Local/Programs/Microsoft VS Code/bin'] var='PYTHON' -> ['/usr/bin/python']
['/usr/bin/python', '-c', 'import imp;print(imp.get_tag())']
out: cpython-37

err: -c:1: DeprecationWarning: the imp module is deprecated in favour of importlib; see the module's documentation for alternative uses

['/usr/bin/python', '-c', 'import sys\nfor x in sys.version_info: print(str(x))']
out: 3
7
12
final
0

['/usr/bin/python', '-c', "from distutils.sysconfig import get_config_var, get_python_lib\n\nprint(repr(get_python_lib(standard_lib=0, prefix='/usr') or ''))"]
out: '/usr/lib/python3.7/site-packages'

'/usr/lib/python3.7/site-packages'

['/usr/bin/python', '-c', "from distutils.sysconfig import get_config_var, get_python_lib\n\nprint(repr(get_python_lib(plat_specific=1, standard_lib=0, prefix='/usr') or ''))"]
out: '/usr/lib/python3.7/site-packages'

'/usr/lib/python3.7/site-packages'

----------------------------------------------
Checking for python version >= 2.7.0
3.7.12
----------------------------------------------
Checking for program 'python'
/usr/bin/python
find program=['python'] paths=['/usr/local/bin', '/usr/bin', '/cygdrive/c/Program Files (x86)/Common Files/Oracle/Java/javapath', '/cygdrive/c/WINDOWS/system32', '/cygdrive/c/WINDOWS', '/cygdrive/c/WINDOWS/System32/Wbem', '/cygdrive/c/WINDOWS/System32/WindowsPowerShell/v1.0', '/cygdrive/c/WINDOWS/System32/OpenSSH', '/cygdrive/c/Program Files/Git/cmd', '/cygdrive/c/Users/maste/AppData/Local/Programs/Python/Python311/Scripts', '/cygdrive/c/Program Files (x86)/MAVProxy', '/cygdrive/c/Program Files (x86)/MAVProxy', '/cygdrive/c/Program Files/GitHub CLI', '/cygdrive/c/Program Files (x86)/GNU Arm Embedded Toolchain/10 2020-q4-major/bin', '/cygdrive/c/Users/maste/AppData/Local/Programs/Python/Python311/Scripts', '/cygdrive/c/Users/maste/AppData/Local/Programs/Python/Python311', '/cygdrive/c/Users/maste/AppData/Local/Microsoft/WindowsApps', '/cygdrive/c/Users/maste/AppData/Local/Programs/Microsoft VS Code/bin'] var='PYTHON' -> ['/usr/bin/python']
['/usr/bin/python', '-c', 'import imp;print(imp.get_tag())']
out: cpython-37

err: -c:1: DeprecationWarning: the imp module is deprecated in favour of importlib; see the module's documentation for alternative uses

['/usr/bin/python', '-c', 'import sys\nfor x in sys.version_info: print(str(x))']
out: 3
7
12
final
0

----------------------------------------------
Checking for python version >= 2.7.0
3.7.12
----------------------------------------------
DC_DSDL compiler
/cygdrive/c/Users/maste/OneDrive/Documentos/ardupilot_gndcontrol/modules/DroneCAN/dronecan_dsdlc/dronecan_dsdlc.py
----------------------------------------------
Source is git repository
yes
----------------------------------------------
Update submodules
yes
----------------------------------------------
Checking for program 'git'
/usr/bin/git
find program=['git'] paths=['/usr/local/bin', '/usr/bin', '/cygdrive/c/Program Files (x86)/Common Files/Oracle/Java/javapath', '/cygdrive/c/WINDOWS/system32', '/cygdrive/c/WINDOWS', '/cygdrive/c/WINDOWS/System32/Wbem', '/cygdrive/c/WINDOWS/System32/WindowsPowerShell/v1.0', '/cygdrive/c/WINDOWS/System32/OpenSSH', '/cygdrive/c/Program Files/Git/cmd', '/cygdrive/c/Users/maste/AppData/Local/Programs/Python/Python311/Scripts', '/cygdrive/c/Program Files (x86)/MAVProxy', '/cygdrive/c/Program Files (x86)/MAVProxy', '/cygdrive/c/Program Files/GitHub CLI', '/cygdrive/c/Program Files (x86)/GNU Arm Embedded Toolchain/10 2020-q4-major/bin', '/cygdrive/c/Users/maste/AppData/Local/Programs/Python/Python311/Scripts', '/cygdrive/c/Users/maste/AppData/Local/Programs/Python/Python311', '/cygdrive/c/Users/maste/AppData/Local/Microsoft/WindowsApps', '/cygdrive/c/Users/maste/AppData/Local/Programs/Microsoft VS Code/bin'] var='GIT' -> ['/usr/bin/git']
----------------------------------------------
Checking for program 'size'
/usr/bin/size
find program=['size'] paths=['/usr/local/bin', '/usr/bin', '/cygdrive/c/Program Files (x86)/Common Files/Oracle/Java/javapath', '/cygdrive/c/WINDOWS/system32', '/cygdrive/c/WINDOWS', '/cygdrive/c/WINDOWS/System32/Wbem', '/cygdrive/c/WINDOWS/System32/WindowsPowerShell/v1.0', '/cygdrive/c/WINDOWS/System32/OpenSSH', '/cygdrive/c/Program Files/Git/cmd', '/cygdrive/c/Users/maste/AppData/Local/Programs/Python/Python311/Scripts', '/cygdrive/c/Program Files (x86)/MAVProxy', '/cygdrive/c/Program Files (x86)/MAVProxy', '/cygdrive/c/Program Files/GitHub CLI', '/cygdrive/c/Program Files (x86)/GNU Arm Embedded Toolchain/10 2020-q4-major/bin', '/cygdrive/c/Users/maste/AppData/Local/Programs/Python/Python311/Scripts', '/cygdrive/c/Users/maste/AppData/Local/Programs/Python/Python311', '/cygdrive/c/Users/maste/AppData/Local/Microsoft/WindowsApps', '/cygdrive/c/Users/maste/AppData/Local/Programs/Microsoft VS Code/bin'] var='SIZE' -> ['/usr/bin/size']
----------------------------------------------
Benchmarks
disabled
----------------------------------------------
Unit tests
enabled
----------------------------------------------
Scripting
enabled
----------------------------------------------
Scripting runtime checks
enabled
----------------------------------------------
Debug build
disabled
----------------------------------------------
Coverage build
disabled
----------------------------------------------
Force 32-bit build
disabled
----------------------------------------------
Checking for program 'rsync'
/usr/bin/rsync
find program=['rsync'] paths=['/usr/local/bin', '/usr/bin', '/cygdrive/c/Program Files (x86)/Common Files/Oracle/Java/javapath', '/cygdrive/c/WINDOWS/system32', '/cygdrive/c/WINDOWS', '/cygdrive/c/WINDOWS/System32/Wbem', '/cygdrive/c/WINDOWS/System32/WindowsPowerShell/v1.0', '/cygdrive/c/WINDOWS/System32/OpenSSH', '/cygdrive/c/Program Files/Git/cmd', '/cygdrive/c/Users/maste/AppData/Local/Programs/Python/Python311/Scripts', '/cygdrive/c/Program Files (x86)/MAVProxy', '/cygdrive/c/Program Files (x86)/MAVProxy', '/cygdrive/c/Program Files/GitHub CLI', '/cygdrive/c/Program Files (x86)/GNU Arm Embedded Toolchain/10 2020-q4-major/bin', '/cygdrive/c/Users/maste/AppData/Local/Programs/Python/Python311/Scripts', '/cygdrive/c/Users/maste/AppData/Local/Programs/Python/Python311', '/cygdrive/c/Users/maste/AppData/Local/Microsoft/WindowsApps', '/cygdrive/c/Users/maste/AppData/Local/Programs/Microsoft VS Code/bin'] var='RSYNC' -> ['/usr/bin/rsync']
